IP Upgrade report for Arcade-Invaders
Thu Jul 26 07:55:03 2018
Quartus Prime Version 17.1.1 Internal Build 593 12/11/2017 SJ Lite Edition


---------------------
; Table of Contents ;
---------------------
  1. Legal Notice
  2. IP Upgrade Summary
  3. Successfully Upgraded IP Components
  4. IP Upgrade Messages



----------------
; Legal Notice ;
----------------
Copyright (C) 2017  Intel Corporation. All rights reserved.
Your use of Intel Corporation's design tools, logic functions 
and other software and tools, and its AMPP partner logic 
functions, and any output files from any of the foregoing 
(including device programming or simulation files), and any 
associated documentation or information are expressly subject 
to the terms and conditions of the Intel Program License 
Subscription Agreement, the Intel Quartus Prime License Agreement,
the Intel FPGA IP License Agreement, or other applicable license
agreement, including, without limitation, that your use is for
the sole purpose of programming logic devices manufactured by
Intel and sold by Intel or its authorized distributors.  Please
refer to the applicable agreement for further details.



+-------------------------------------------------------------------------------------+
; IP Upgrade Summary                                                                  ;
+------------------------------+------------------------------------------------------+
; IP Components Upgrade Status ; Passed - Thu Jul 26 07:55:03 2018                    ;
; Quartus Prime Version        ; 17.1.1 Internal Build 593 12/11/2017 SJ Lite Edition ;
; Revision Name                ; Arcade-Invaders                                      ;
; Top-level Entity Name        ; sys_top                                              ;
; Family                       ; Cyclone V                                            ;
+------------------------------+------------------------------------------------------+


+------------------------------------------------------------------------------------------------------------------+
; Successfully Upgraded IP Components                                                                              ;
+-------------+----------------+---------+----------------------+----------------------+-----------------+---------+
; Entity Name ; Component Name ; Version ; Original Source File ; Generation File Path ; New Source File ; Message ;
+-------------+----------------+---------+----------------------+----------------------+-----------------+---------+
; vip         ; Qsys           ; N/A     ; sys/vip.qsys         ; sys/vip.qsys         ;                 ;         ;
+-------------+----------------+---------+----------------------+----------------------+-----------------+---------+


+---------------------+
; IP Upgrade Messages ;
+---------------------+
Info (11902): Backing up file "sys/vip.qsys" to "sys/vip.BAK.qsys"
Info (11837): Started upgrading IP component Qsys with file "sys/vip.qsys"
Info: 2018.07.26.07:55:03 Info: Starting to upgrade the IP cores in the Platform Designer system
Info: 2018.07.26.07:55:03 Info: Finished upgrading the ip cores
Info (11131): Completed upgrading IP component Qsys with file "sys/vip.qsys"
Info (23030): Evaluation of Tcl script c:/intelfpga_lite/17.1/quartus/common/tcl/internal/ip_regen/ip_regen.tcl was successful
Info: Quartus Prime Shell was successful. 0 errors, 0 warnings
    Info: Peak virtual memory: 4910 megabytes
    Info: Processing ended: Thu Jul 26 07:55:03 2018
    Info: Elapsed time: 00:00:33
    Info: Total CPU time (on all processors): 00:01:08


